#
# There is insufficient memory for the Java Runtime Environment to continue.
# Native memory allocation (malloc) failed to allocate 1666016 bytes for Chunk::new
# Possible reasons:
#   The system is out of physical RAM or swap space
#   The process is running with CompressedOops enabled, and the Java Heap may be blocking the growth of the native heap
# Possible solutions:
#   Reduce memory load on the system
#   Increase physical memory or swap space
#   Check if swap backing store is full
#   Decrease Java heap size (-Xmx/-Xms)
#   Decrease number of Java threads
#   Decrease Java thread stack sizes (-Xss)
#   Set larger code cache with -XX:ReservedCodeCacheSize=
#   JVM is running with Unscaled Compressed Oops mode in which the Java heap is
#     placed in the first 4GB address space. The Java Heap base address is the
#     maximum limit for the native heap growth. Please use -XX:HeapBaseMinAddress
#     to set the Java Heap base and to place the Java Heap above 4GB virtual address.
# This output file may be truncated or incomplete.
#
#  Out of Memory Error (allocation.cpp:389), pid=15088, tid=0x0000000000003e58
#
# JRE version: OpenJDK Runtime Environment (8.0_202-b03) (build 1.8.0_202-release-1483-b03)
# Java VM: OpenJDK 64-Bit Server VM (25.202-b03 mixed mode windows-amd64 compressed oops)
# Failed to write core dump. Minidumps are not enabled by default on client versions of Windows
#

---------------  T H R E A D  ---------------

Current thread (0x00000000138cc800):  JavaThread "C2 CompilerThread0" daemon [_thread_in_native, id=15960, stack(0x0000000014f10000,0x0000000015010000)]

Stack: [0x0000000014f10000,0x0000000015010000]
[error occurred during error reporting (printing stack bounds), id 0xc0000005]

Native frames: (J=compiled Java code, j=interpreted, Vv=VM code, C=native code)


Current CompileTask:
C2: 674457 12293       4       org.objectweb.asm.ClassReader::accept (1273 bytes)


---------------  P R O C E S S  ---------------

Java Threads: ( => current thread )
  0x000000001b99e800 JavaThread "Cache worker for Build Output Cleanup Cache (D:\Documents\AndroidStudioProjects\TugasBesar-03\contoh\OpenManga-devel\.gradle\buildOutputCleanup)" [_thread_blocked, id=17632, stack(0x0000000023000000,0x0000000023100000)]
  0x000000001b99e000 JavaThread "Build operations Thread 4" [_thread_blocked, id=15704, stack(0x0000000022f00000,0x0000000023000000)]
  0x000000001b99f800 JavaThread "Build operations Thread 3" [_thread_blocked, id=8544, stack(0x0000000022e00000,0x0000000022f00000)]
  0x000000001b999800 JavaThread "Build operations Thread 2" [_thread_blocked, id=12552, stack(0x0000000022d00000,0x0000000022e00000)]
  0x000000001b99d000 JavaThread "Build operations" [_thread_in_native, id=9980, stack(0x0000000022c00000,0x0000000022d00000)]
  0x0000000015cfe800 JavaThread "Cache worker for cache directory md-rule (C:\Users\fritz\.gradle\caches\5.4.1\md-rule)" [_thread_blocked, id=10484, stack(0x0000000022b00000,0x0000000022c00000)]
  0x0000000015cfe000 JavaThread "Cache worker for cache directory md-supplier (C:\Users\fritz\.gradle\caches\5.4.1\md-supplier)" [_thread_blocked, id=6664, stack(0x0000000022a00000,0x0000000022b00000)]
  0x0000000015d00800 JavaThread "Cache worker for file hash cache (D:\Documents\AndroidStudioProjects\TugasBesar-03\contoh\OpenManga-devel\.gradle\5.4.1\fileHashes)" [_thread_blocked, id=1688, stack(0x0000000022900000,0x0000000022a00000)]
  0x0000000015cff800 JavaThread "Thread-26" [_thread_blocked, id=15440, stack(0x0000000022800000,0x0000000022900000)]
  0x0000000015cfa000 JavaThread "Asynchronous log dispatcher for DefaultDaemonConnection: socket connection from /127.0.0.1:54668 to /127.0.0.1:54754" [_thread_blocked, id=17380, stack(0x0000000022600000,0x0000000022700000)]
  0x0000000015cf6800 JavaThread "Cancel handler" [_thread_blocked, id=6156, stack(0x0000000022500000,0x0000000022600000)]
  0x0000000015cf9800 JavaThread "Handler for socket connection from /127.0.0.1:54668 to /127.0.0.1:54754" [_thread_in_native, id=16820, stack(0x0000000021180000,0x0000000021280000)]
  0x0000000015d01000 JavaThread "Memory manager" [_thread_blocked, id=17392, stack(0x0000000020d80000,0x0000000020e80000)]
  0x0000000015cf2800 JavaThread "Cache worker for execution history cache (C:\Users\fritz\.gradle\caches\5.4.1\executionHistory)" [_thread_blocked, id=17596, stack(0x000000001b600000,0x000000001b700000)]
  0x0000000015965800 JavaThread "Cache worker for journal cache (C:\Users\fritz\.gradle\caches\journal-1)" [_thread_blocked, id=14216, stack(0x0000000018560000,0x0000000018660000)]
  0x0000000015967000 JavaThread "File lock request listener" [_thread_in_native, id=15008, stack(0x0000000018360000,0x0000000018460000)]
  0x0000000015968000 JavaThread "Cache worker for file hash cache (C:\Users\fritz\.gradle\caches\5.4.1\fileHashes)" [_thread_blocked, id=9532, stack(0x0000000018260000,0x0000000018360000)]
  0x0000000016aed000 JavaThread "Daemon worker" [_thread_in_native, id=14248, stack(0x0000000017e60000,0x0000000017f60000)]
  0x0000000016a70800 JavaThread "Daemon" [_thread_blocked, id=10080, stack(0x0000000017960000,0x0000000017a60000)]
  0x0000000016a53800 JavaThread "Daemon periodic checks" [_thread_blocked, id=5608, stack(0x0000000017860000,0x0000000017960000)]
  0x0000000016a33800 JavaThread "Incoming local TCP Connector on port 54668" [_thread_in_native, id=7852, stack(0x0000000017620000,0x0000000017720000)]
  0x0000000015bf9000 JavaThread "Daemon health stats" [_thread_blocked, id=5780, stack(0x0000000016fe0000,0x00000000170e0000)]
  0x0000000015248800 JavaThread "Service Thread" daemon [_thread_blocked, id=15792, stack(0x0000000015610000,0x0000000015710000)]
  0x00000000138db000 JavaThread "C1 CompilerThread2" daemon [_thread_blocked, id=1844, stack(0x0000000015110000,0x0000000015210000)]
  0x00000000138cf800 JavaThread "C2 CompilerThread1" daemon [_thread_blocked, id=16720, stack(0x0000000015010000,0x0000000015110000)]
=>0x00000000138cc800 JavaThread "C2 CompilerThread0" daemon [_thread_in_native, id=15960, stack(0x0000000014f10000,0x0000000015010000)]
  0x00000000138ca000 JavaThread "Attach Listener" daemon [_thread_blocked, id=14932, stack(0x0000000014e10000,0x0000000014f10000)]
  0x00000000138d6800 JavaThread "Signal Dispatcher" daemon [_thread_blocked, id=18416, stack(0x0000000014d10000,0x0000000014e10000)]
  0x000000000248b800 JavaThread "Finalizer" daemon [_thread_blocked, id=5852, stack(0x0000000014b20000,0x0000000014c20000)]
  0x00000000138b9000 JavaThread "Reference Handler" daemon [_thread_blocked, id=16132, stack(0x0000000014a20000,0x0000000014b20000)]
  0x000000000255e000 JavaThread "main" [_thread_blocked, id=13992, stack(0x0000000002260000,0x0000000002360000)]

Other Threads:
  0x0000000013896000 VMThread [stack: 0x0000000014920000,0x0000000014a20000] [id=18384]
  0x000000001392b000 WatcherThread [stack: 0x0000000015710000,0x0000000015810000] [id=15356]

VM state:not at safepoint (normal execution)

VM Mutex/Monitor currently owned by a thread: None

heap address: 0x00000000e0000000, size: 512 MB, Compressed Oops mode: 32-bit
Narrow klass base: 0x0000000000000000, Narrow klass shift: 3
Compressed class space size: 1073741824 Address: 0x0000000100000000

Heap:
 PSYoungGen      total 130560K, used 19615K [0x00000000f5580000, 0x0000000100000000, 0x0000000100000000)
  eden space 129536K, 14% used [0x00000000f5580000,0x00000000f67d9240,0x00000000fd400000)
  from space 1024K, 80% used [0x00000000fd400000,0x00000000fd4ceab0,0x00000000fd500000)
  to   space 23040K, 0% used [0x00000000fe980000,0x00000000fe980000,0x0000000100000000)
 ParOldGen       total 175104K, used 71338K [0x00000000e0000000, 0x00000000eab00000, 0x00000000f5580000)
  object space 175104K, 40% used [0x00000000e0000000,0x00000000e45aa8f8,0x00000000eab00000)
 Metaspace       used 76789K, capacity 79646K, committed 79872K, reserved 1118208K
  class space    used 9780K, capacity 10381K, committed 10496K, reserved 1048576K

Card table byte_map: [0x0000000011920000,0x0000000011a30000] byte_map_base: 0x0000000011220000

Marking Bits: (ParMarkBitMap*) 0x0000000074df9f30
 Begin Bits: [0x0000000011e30000, 0x0000000012630000)
 End Bits:   [0x0000000012630000, 0x0000000012e30000)

Polling page: 0x0000000000a70000

CodeCache: size=245760Kb used=37587Kb max_used=37631Kb free=208172Kb
 bounds [0x0000000002560000, 0x0000000004a60000, 0x0000000011560000]
 total_blobs=11173 nmethods=10319 adapters=766
 compilation: enabled

Compilation events (10 events):
Event: 673.372 Thread 0x00000000138db000 nmethod 12322 0x000000000405c810 code [0x000000000405c960, 0x000000000405cb50]
Event: 673.771 Thread 0x00000000138cf800 nmethod 12299 0x0000000004a37e10 code [0x0000000004a38bc0, 0x0000000004a44158]
Event: 673.772 Thread 0x00000000138cf800 12319       4       com.google.common.collect.MapMakerInternalMap$Segment::getEntry (80 bytes)
Event: 673.778 Thread 0x00000000138cf800 nmethod 12319 0x00000000049fe150 code [0x00000000049fe2e0, 0x00000000049fe608]
Event: 673.896 Thread 0x00000000138db000 12323       3       org.gradle.internal.Try::successful (9 bytes)
Event: 673.897 Thread 0x00000000138db000 nmethod 12323 0x000000000405c210 code [0x000000000405c380, 0x000000000405c690]
Event: 673.897 Thread 0x00000000138db000 12324       3       org.gradle.internal.Try$Success::<init> (11 bytes)
Event: 673.897 Thread 0x00000000138db000 nmethod 12324 0x00000000049fdc10 code [0x00000000049fdd80, 0x00000000049fe010]
Event: 673.897 Thread 0x00000000138db000 12325       3       org.gradle.internal.Try::<init> (5 bytes)
Event: 673.898 Thread 0x00000000138db000 nmethod 12325 0x00000000049fd850 code [0x00000000049fd9a0, 0x00000000049fdb50]

GC Heap History (10 events):
Event: 434.390 GC heap before
{Heap before GC invocations=30 (full 3):
 PSYoungGen      total 130048K, used 122217K [0x00000000f5580000, 0x00000000fe880000, 0x0000000100000000)
  eden space 112640K, 100% used [0x00000000f5580000,0x00000000fc380000,0x00000000fc380000)
  from space 17408K, 55% used [0x00000000fd780000,0x00000000fe0da5e0,0x00000000fe880000)
  to   space 18944K, 0% used [0x00000000fc380000,0x00000000fc380000,0x00000000fd600000)
 ParOldGen       total 175104K, used 45020K [0x00000000e0000000, 0x00000000eab00000, 0x00000000f5580000)
  object space 175104K, 25% used [0x00000000e0000000,0x00000000e2bf7358,0x00000000eab00000)
 Metaspace       used 73881K, capacity 76590K, committed 76800K, reserved 1116160K
  class space    used 9504K, capacity 10115K, committed 10240K, reserved 1048576K
Event: 434.467 GC heap after
Heap after GC invocations=30 (full 3):
 PSYoungGen      total 131584K, used 18912K [0x00000000f5580000, 0x0000000100000000, 0x0000000100000000)
  eden space 112640K, 0% used [0x00000000f5580000,0x00000000f5580000,0x00000000fc380000)
  from space 18944K, 99% used [0x00000000fc380000,0x00000000fd5f8020,0x00000000fd600000)
  to   space 21504K, 0% used [0x00000000feb00000,0x00000000feb00000,0x0000000100000000)
 ParOldGen       total 175104K, used 46488K [0x00000000e0000000, 0x00000000eab00000, 0x00000000f5580000)
  object space 175104K, 26% used [0x00000000e0000000,0x00000000e2d661a8,0x00000000eab00000)
 Metaspace       used 73881K, capacity 76590K, committed 76800K, reserved 1116160K
  class space    used 9504K, capacity 10115K, committed 10240K, reserved 1048576K
}
Event: 635.663 GC heap before
{Heap before GC invocations=31 (full 3):
 PSYoungGen      total 131584K, used 131552K [0x00000000f5580000, 0x0000000100000000, 0x0000000100000000)
  eden space 112640K, 100% used [0x00000000f5580000,0x00000000fc380000,0x00000000fc380000)
  from space 18944K, 99% used [0x00000000fc380000,0x00000000fd5f8020,0x00000000fd600000)
  to   space 21504K, 0% used [0x00000000feb00000,0x00000000feb00000,0x0000000100000000)
 ParOldGen       total 175104K, used 46488K [0x00000000e0000000, 0x00000000eab00000, 0x00000000f5580000)
  object space 175104K, 26% used [0x00000000e0000000,0x00000000e2d661a8,0x00000000eab00000)
 Metaspace       used 75010K, capacity 77726K, committed 77824K, reserved 1116160K
  class space    used 9593K, capacity 10177K, committed 10240K, reserved 1048576K
Event: 635.700 GC heap after
Heap after GC invocations=31 (full 3):
 PSYoungGen      total 152064K, used 16436K [0x00000000f5580000, 0x0000000100000000, 0x0000000100000000)
  eden space 130560K, 0% used [0x00000000f5580000,0x00000000f5580000,0x00000000fd500000)
  from space 21504K, 76% used [0x00000000feb00000,0x00000000ffb0d340,0x0000000100000000)
  to   space 22016K, 0% used [0x00000000fd500000,0x00000000fd500000,0x00000000fea80000)
 ParOldGen       total 175104K, used 53320K [0x00000000e0000000, 0x00000000eab00000, 0x00000000f5580000)
  object space 175104K, 30% used [0x00000000e0000000,0x00000000e3412210,0x00000000eab00000)
 Metaspace       used 75010K, capacity 77726K, committed 77824K, reserved 1116160K
  class space    used 9593K, capacity 10177K, committed 10240K, reserved 1048576K
}
Event: 661.752 GC heap before
{Heap before GC invocations=32 (full 3):
 PSYoungGen      total 152064K, used 146996K [0x00000000f5580000, 0x0000000100000000, 0x0000000100000000)
  eden space 130560K, 100% used [0x00000000f5580000,0x00000000fd500000,0x00000000fd500000)
  from space 21504K, 76% used [0x00000000feb00000,0x00000000ffb0d340,0x0000000100000000)
  to   space 22016K, 0% used [0x00000000fd500000,0x00000000fd500000,0x00000000fea80000)
 ParOldGen       total 175104K, used 53320K [0x00000000e0000000, 0x00000000eab00000, 0x00000000f5580000)
  object space 175104K, 30% used [0x00000000e0000000,0x00000000e3412210,0x00000000eab00000)
 Metaspace       used 76629K, capacity 79570K, committed 79872K, reserved 1118208K
  class space    used 9773K, capacity 10379K, committed 10496K, reserved 1048576K
Event: 661.789 GC heap after
Heap after GC invocations=32 (full 3):
 PSYoungGen      total 152576K, used 6737K [0x00000000f5580000, 0x0000000100000000, 0x0000000100000000)
  eden space 130560K, 0% used [0x00000000f5580000,0x00000000f5580000,0x00000000fd500000)
  from space 22016K, 30% used [0x00000000fd500000,0x00000000fdb94690,0x00000000fea80000)
  to   space 22016K, 0% used [0x00000000fea80000,0x00000000fea80000,0x0000000100000000)
 ParOldGen       total 175104K, used 68644K [0x00000000e0000000, 0x00000000eab00000, 0x00000000f5580000)
  object space 175104K, 39% used [0x00000000e0000000,0x00000000e43093c8,0x00000000eab00000)
 Metaspace       used 76629K, capacity 79570K, committed 79872K, reserved 1118208K
  class space    used 9773K, capacity 10379K, committed 10496K, reserved 1048576K
}
Event: 664.044 GC heap before
{Heap before GC invocations=33 (full 3):
 PSYoungGen      total 152576K, used 137297K [0x00000000f5580000, 0x0000000100000000, 0x0000000100000000)
  eden space 130560K, 100% used [0x00000000f5580000,0x00000000fd500000,0x00000000fd500000)
  from space 22016K, 30% used [0x00000000fd500000,0x00000000fdb94690,0x00000000fea80000)
  to   space 22016K, 0% used [0x00000000fea80000,0x00000000fea80000,0x0000000100000000)
 ParOldGen       total 175104K, used 68644K [0x00000000e0000000, 0x00000000eab00000, 0x00000000f5580000)
  object space 175104K, 39% used [0x00000000e0000000,0x00000000e43093c8,0x00000000eab00000)
 Metaspace       used 76663K, capacity 79576K, committed 79872K, reserved 1118208K
  class space    used 9774K, capacity 10380K, committed 10496K, reserved 1048576K
Event: 664.053 GC heap after
Heap after GC invocations=33 (full 3):
 PSYoungGen      total 151552K, used 3794K [0x00000000f5580000, 0x0000000100000000, 0x0000000100000000)
  eden space 129536K, 0% used [0x00000000f5580000,0x00000000f5580000,0x00000000fd400000)
  from space 22016K, 17% used [0x00000000fea80000,0x00000000fee34830,0x0000000100000000)
  to   space 22528K, 0% used [0x00000000fd400000,0x00000000fd400000,0x00000000fea00000)
 ParOldGen       total 175104K, used 71226K [0x00000000e0000000, 0x00000000eab00000, 0x00000000f5580000)
  object space 175104K, 40% used [0x00000000e0000000,0x00000000e458e8f8,0x00000000eab00000)
 Metaspace       used 76663K, capacity 79576K, committed 79872K, reserved 1118208K
  class space    used 9774K, capacity 10380K, committed 10496K, reserved 1048576K
}
Event: 669.217 GC heap before
{Heap before GC invocations=34 (full 3):
 PSYoungGen      total 151552K, used 133330K [0x00000000f5580000, 0x0000000100000000, 0x0000000100000000)
  eden space 129536K, 100% used [0x00000000f5580000,0x00000000fd400000,0x00000000fd400000)
  from space 22016K, 17% used [0x00000000fea80000,0x00000000fee34830,0x0000000100000000)
  to   space 22528K, 0% used [0x00000000fd400000,0x00000000fd400000,0x00000000fea00000)
 ParOldGen       total 175104K, used 71226K [0x00000000e0000000, 0x00000000eab00000, 0x00000000f5580000)
  object space 175104K, 40% used [0x00000000e0000000,0x00000000e458e8f8,0x00000000eab00000)
 Metaspace       used 76767K, capacity 79646K, committed 79872K, reserved 1118208K
  class space    used 9780K, capacity 10381K, committed 10496K, reserved 1048576K
Event: 669.221 GC heap after
Heap after GC invocations=34 (full 3):
 PSYoungGen      total 130560K, used 826K [0x00000000f5580000, 0x0000000100000000, 0x0000000100000000)
  eden space 129536K, 0% used [0x00000000f5580000,0x00000000f5580000,0x00000000fd400000)
  from space 1024K, 80% used [0x00000000fd400000,0x00000000fd4ceab0,0x00000000fd500000)
  to   space 23040K, 0% used [0x00000000fe980000,0x00000000fe980000,0x0000000100000000)
 ParOldGen       total 175104K, used 71338K [0x00000000e0000000, 0x00000000eab00000, 0x00000000f5580000)
  object space 175104K, 40% used [0x00000000e0000000,0x00000000e45aa8f8,0x00000000eab00000)
 Metaspace       used 76767K, capacity 79646K, committed 79872K, reserved 1118208K
  class space    used 9780K, capacity 10381K, committed 10496K, reserved 1048576K
}

Deoptimization events (10 events):
Event: 659.404 Thread 0x0000000016aed000 Uncommon trap: reason=class_check action=maybe_recompile pc=0x00000000030eac98 method=java.util.regex.Pattern$SliceI.match(Ljava/util/regex/Matcher;ILjava/lang/CharSequence;)Z @ 92
Event: 659.404 Thread 0x0000000016aed000 Uncommon trap: reason=class_check action=maybe_recompile pc=0x00000000030eac98 method=java.util.regex.Pattern$SliceI.match(Ljava/util/regex/Matcher;ILjava/lang/CharSequence;)Z @ 92
Event: 659.404 Thread 0x0000000016aed000 Uncommon trap: reason=class_check action=maybe_recompile pc=0x00000000030eac98 method=java.util.regex.Pattern$SliceI.match(Ljava/util/regex/Matcher;ILjava/lang/CharSequence;)Z @ 92
Event: 661.703 Thread 0x0000000016aed000 Uncommon trap: reason=range_check action=make_not_entrant pc=0x0000000004894a30 method=org.objectweb.asm.Type.getType([CI)Lorg/objectweb/asm/Type; @ 2
Event: 664.036 Thread 0x0000000016aed000 Uncommon trap: reason=unstable_if action=reinterpret pc=0x00000000048bf470 method=org.objectweb.asm.Type.getDimensions()I @ 15
Event: 664.037 Thread 0x0000000016aed000 Uncommon trap: reason=unstable_if action=reinterpret pc=0x00000000048c7928 method=org.objectweb.asm.Type.getDimensions()I @ 15
Event: 667.707 Thread 0x0000000015cf2800 Uncommon trap: reason=unstable_if action=reinterpret pc=0x0000000003590e3c method=com.esotericsoftware.kryo.io.Output.writeString(Ljava/lang/CharSequence;)V @ 50
Event: 667.707 Thread 0x0000000015cf2800 Uncommon trap: reason=unstable_if action=reinterpret pc=0x000000000328800c method=com.esotericsoftware.kryo.io.Output.writeString(Ljava/lang/CharSequence;)V @ 50
Event: 667.711 Thread 0x0000000015cf2800 Uncommon trap: reason=unstable_if action=reinterpret pc=0x0000000002b0f3ec method=java.io.BufferedOutputStream.write([BII)V @ 6
Event: 667.711 Thread 0x0000000015cf2800 Uncommon trap: reason=unstable_if action=reinterpret pc=0x0000000002b0fc80 method=java.io.BufferedOutputStream.write([BII)V @ 6

Classes redefined (0 events):
No events

Internal exceptions (10 events):
Event: 665.025 Thread 0x0000000016aed000 Exception <a 'sun/nio/fs/WindowsException'> (0x00000000fc7a99c8) thrown at [D:\src\AOSP-openjdk-cygwin\jdk8u\hotspot\src\share\vm\prims\jni.cpp, line 710]
Event: 665.027 Thread 0x0000000016aed000 Exception <a 'sun/nio/fs/WindowsException'> (0x00000000fc7abad0) thrown at [D:\src\AOSP-openjdk-cygwin\jdk8u\hotspot\src\share\vm\prims\jni.cpp, line 710]
Event: 669.250 Thread 0x0000000016aed000 Exception <a 'sun/nio/fs/WindowsException'> (0x00000000f5d04988) thrown at [D:\src\AOSP-openjdk-cygwin\jdk8u\hotspot\src\share\vm\prims\jni.cpp, line 710]
Event: 669.250 Thread 0x0000000016aed000 Exception <a 'sun/nio/fs/WindowsException'> (0x00000000f5d05f40) thrown at [D:\src\AOSP-openjdk-cygwin\jdk8u\hotspot\src\share\vm\prims\jni.cpp, line 710]
Event: 669.251 Thread 0x0000000016aed000 Exception <a 'sun/nio/fs/WindowsException'> (0x00000000f5d09048) thrown at [D:\src\AOSP-openjdk-cygwin\jdk8u\hotspot\src\share\vm\prims\jni.cpp, line 710]
Event: 669.251 Thread 0x0000000016aed000 Exception <a 'sun/nio/fs/WindowsException'> (0x00000000f5d0b180) thrown at [D:\src\AOSP-openjdk-cygwin\jdk8u\hotspot\src\share\vm\prims\jni.cpp, line 710]
Event: 672.708 Thread 0x0000000016aed000 Exception <a 'sun/nio/fs/WindowsException'> (0x00000000f64f4670) thrown at [D:\src\AOSP-openjdk-cygwin\jdk8u\hotspot\src\share\vm\prims\jni.cpp, line 710]
Event: 672.708 Thread 0x0000000016aed000 Exception <a 'sun/nio/fs/WindowsException'> (0x00000000f64f5b98) thrown at [D:\src\AOSP-openjdk-cygwin\jdk8u\hotspot\src\share\vm\prims\jni.cpp, line 710]
Event: 672.708 Thread 0x0000000016aed000 Exception <a 'sun/nio/fs/WindowsException'> (0x00000000f64f8ca0) thrown at [D:\src\AOSP-openjdk-cygwin\jdk8u\hotspot\src\share\vm\prims\jni.cpp, line 710]
Event: 672.712 Thread 0x0000000016aed000 Exception <a 'sun/nio/fs/WindowsException'> (0x00000000f64fadb8) thrown at [D:\src\AOSP-openjdk-cygwin\jdk8u\hotspot\src\share\vm\prims\jni.cpp, line 710]

Events (10 events):
Event: 669.338 Thread 0x00000000138db000 flushing nmethod 0x00000000038784d0
Event: 669.403 Thread 0x00000000138db000 flushing nmethod 0x0000000003b6f8d0
Event: 669.723 Thread 0x00000000138db000 flushing nmethod 0x0000000003ec09d0
Event: 669.724 Thread 0x00000000138db000 flushing nmethod 0x000000000405c050
Event: 669.786 Thread 0x00000000138cf800 flushing nmethod 0x00000000040ce510
Event: 669.788 Thread 0x00000000138cf800 flushing nmethod 0x00000000043b9c50
Event: 669.791 Thread 0x00000000138cf800 flushing nmethod 0x00000000043ca510
Event: 669.793 Thread 0x00000000138cf800 flushing nmethod 0x00000000046b7c10
Event: 672.700 Thread 0x0000000016aed000 DEOPT PACKING pc=0x00000000047cda20 sp=0x0000000017f572e0
Event: 672.700 Thread 0x0000000016aed000 DEOPT UNPACKING pc=0x00000000025a75d0 sp=0x0000000017f572a8 mode 0


Dynamic libraries:
0x00007ff6147c0000 - 0x00007ff6147f1000 	E:\Work\Android\Android Studio\jre\bin\java.exe
0x00007ffb42d60000 - 0x00007ffb42f41000 	C:\WINDOWS\SYSTEM32\ntdll.dll
0x00007ffb42b50000 - 0x00007ffb42c02000 	C:\WINDOWS\System32\KERNEL32.DLL
0x00007ffb3fcb0000 - 0x00007ffb3ff23000 	C:\WINDOWS\System32\KERNELBASE.dll
0x00007ffb40db0000 - 0x00007ffb40e51000 	C:\WINDOWS\System32\ADVAPI32.dll
0x00007ffb40f00000 - 0x00007ffb40f9e000 	C:\WINDOWS\System32\msvcrt.dll
0x00007ffb415c0000 - 0x00007ffb4161b000 	C:\WINDOWS\System32\sechost.dll
0x00007ffb401f0000 - 0x00007ffb40314000 	C:\WINDOWS\System32\RPCRT4.dll
0x00007ffb40350000 - 0x00007ffb404e0000 	C:\WINDOWS\System32\USER32.dll
0x00007ffb401d0000 - 0x00007ffb401f0000 	C:\WINDOWS\System32\win32u.dll
0x00007ffb40ed0000 - 0x00007ffb40ef8000 	C:\WINDOWS\System32\GDI32.dll
0x00007ffb3ff30000 - 0x00007ffb400c2000 	C:\WINDOWS\System32\gdi32full.dll
0x00007ffb3f1b0000 - 0x00007ffb3f24f000 	C:\WINDOWS\System32\msvcp_win.dll
0x00007ffb3fb50000 - 0x00007ffb3fc4a000 	C:\WINDOWS\System32\ucrtbase.dll
0x00007ffb304b0000 - 0x00007ffb30719000 	C:\WINDOWS\WinSxS\amd64_microsoft.windows.common-controls_6595b64144ccf1df_6.0.17134.376_none_fb439a3730647da2\COMCTL32.dll
0x00007ffb40990000 - 0x00007ffb40cb3000 	C:\WINDOWS\System32\combase.dll
0x00007ffb3f130000 - 0x00007ffb3f1aa000 	C:\WINDOWS\System32\bcryptPrimitives.dll
0x00007ffb40320000 - 0x00007ffb4034d000 	C:\WINDOWS\System32\IMM32.DLL
0x00000000751d0000 - 0x00000000752a2000 	E:\Work\Android\Android Studio\jre\jre\bin\msvcr100.dll
0x0000000074630000 - 0x0000000074e76000 	E:\Work\Android\Android Studio\jre\jre\bin\server\jvm.dll
0x00007ffb411c0000 - 0x00007ffb411c8000 	C:\WINDOWS\System32\PSAPI.DLL
0x00007ffb3c820000 - 0x00007ffb3c843000 	C:\WINDOWS\SYSTEM32\WINMM.dll
0x00007ffb31ce0000 - 0x00007ffb31cea000 	C:\WINDOWS\SYSTEM32\VERSION.dll
0x00007ffb2da60000 - 0x00007ffb2da69000 	C:\WINDOWS\SYSTEM32\WSOCK32.dll
0x00007ffb40e60000 - 0x00007ffb40ecc000 	C:\WINDOWS\System32\WS2_32.dll
0x00007ffb3c7f0000 - 0x00007ffb3c81a000 	C:\WINDOWS\SYSTEM32\winmmbase.dll
0x00007ffb400d0000 - 0x00007ffb40119000 	C:\WINDOWS\System32\cfgmgr32.dll
0x00007ffb37500000 - 0x00007ffb3750f000 	E:\Work\Android\Android Studio\jre\jre\bin\verify.dll
0x00007ffb2d320000 - 0x00007ffb2d349000 	E:\Work\Android\Android Studio\jre\jre\bin\java.dll
0x00007ffb358c0000 - 0x00007ffb358d6000 	E:\Work\Android\Android Studio\jre\jre\bin\zip.dll
0x00007ffb41700000 - 0x00007ffb42b3f000 	C:\WINDOWS\System32\SHELL32.dll
0x00007ffb41510000 - 0x00007ffb415b9000 	C:\WINDOWS\System32\shcore.dll
0x00007ffb3f250000 - 0x00007ffb3f95d000 	C:\WINDOWS\System32\windows.storage.dll
0x00007ffb41330000 - 0x00007ffb41381000 	C:\WINDOWS\System32\shlwapi.dll
0x00007ffb3f0c0000 - 0x00007ffb3f0d1000 	C:\WINDOWS\System32\kernel.appcore.dll
0x00007ffb3f070000 - 0x00007ffb3f08f000 	C:\WINDOWS\System32\profapi.dll
0x00007ffb3f0e0000 - 0x00007ffb3f12c000 	C:\WINDOWS\System32\powrprof.dll
0x00007ffb3f090000 - 0x00007ffb3f09a000 	C:\WINDOWS\System32\FLTLIB.DLL
0x00007ffb34a70000 - 0x00007ffb34a8a000 	E:\Work\Android\Android Studio\jre\jre\bin\net.dll
0x00007ffb3e8f0000 - 0x00007ffb3e956000 	C:\WINDOWS\system32\mswsock.dll
0x00007ffb31c60000 - 0x00007ffb31c71000 	E:\Work\Android\Android Studio\jre\jre\bin\nio.dll
0x00007ffb35430000 - 0x00007ffb35456000 	C:\Users\fritz\.gradle\native\29\windows-amd64\native-platform.dll
0x00007ffb374f0000 - 0x00007ffb374fd000 	E:\Work\Android\Android Studio\jre\jre\bin\management.dll
0x00007ffb3eaa0000 - 0x00007ffb3eab7000 	C:\WINDOWS\SYSTEM32\CRYPTSP.dll
0x00007ffb3e470000 - 0x00007ffb3e4a3000 	C:\WINDOWS\system32\rsaenh.dll
0x00007ffb3ebd0000 - 0x00007ffb3ebf5000 	C:\WINDOWS\SYSTEM32\bcrypt.dll
0x00007ffb3ef70000 - 0x00007ffb3ef98000 	C:\WINDOWS\SYSTEM32\USERENV.dll
0x00007ffb3eac0000 - 0x00007ffb3eacb000 	C:\WINDOWS\SYSTEM32\CRYPTBASE.dll
0x00007ffb3e610000 - 0x00007ffb3e648000 	C:\WINDOWS\SYSTEM32\IPHLPAPI.DLL
0x00007ffb416f0000 - 0x00007ffb416f8000 	C:\WINDOWS\System32\NSI.dll
0x00007ffb31b60000 - 0x00007ffb31b76000 	C:\WINDOWS\SYSTEM32\dhcpcsvc6.DLL
0x00007ffb31c40000 - 0x00007ffb31c5a000 	C:\WINDOWS\SYSTEM32\dhcpcsvc.DLL
0x00007ffb35460000 - 0x00007ffb35484000 	E:\Work\Android\Android Studio\jre\jre\bin\sunec.dll
0x00007ffb3e650000 - 0x00007ffb3e70e000 	C:\WINDOWS\SYSTEM32\DNSAPI.dll
0x00007ffb30730000 - 0x00007ffb3073a000 	C:\Windows\System32\rasadhlp.dll
0x00007ffb2f8c0000 - 0x00007ffb2f932000 	C:\WINDOWS\System32\fwpuclnt.dll
0x00007ffb34b30000 - 0x00007ffb34b3b000 	E:\Work\Android\Android Studio\jre\jre\bin\sunmscapi.dll
0x00007ffb3f960000 - 0x00007ffb3fb42000 	C:\WINDOWS\System32\CRYPT32.dll
0x00007ffb3f0a0000 - 0x00007ffb3f0b2000 	C:\WINDOWS\System32\MSASN1.dll

VM Arguments:
jvm_args: -XX:MaxMetaspaceSize=256m -XX:+HeapDumpOnOutOfMemoryError -Xms256m -Xmx512m -Dfile.encoding=windows-1252 -Duser.country=US -Duser.language=en -Duser.variant 
java_command: org.gradle.launcher.daemon.bootstrap.GradleDaemon 5.4.1
java_class_path (initial): C:\Users\fritz\.gradle\wrapper\dists\gradle-5.4.1-all\3221gyojl5jsh0helicew7rwx\gradle-5.4.1\lib\gradle-launcher-5.4.1.jar
Launcher Type: SUN_STANDARD

Environment Variables:
PATH=C:\Program Files (x86)\Common Files\Oracle\Java\javapath;C:\ProgramData\Oracle\Java\javapath;C:\WINDOWS\system32;C:\WINDOWS;C:\WINDOWS\System32\Wbem;C:\WINDOWS\System32\WindowsPowerShell\v1.0\;C:\Program Files (x86)\NVIDIA Corporation\PhysX\Common;C:\WINDOWS\system32;C:\WINDOWS;C:\WINDOWS\System32\Wbem;C:\WINDOWS\System32\WindowsPowerShell\v1.0\;C:\Program Files (x86)\Microsoft SQL Server\Client SDK\ODBC\130\Tools\Binn\;C:\Program Files (x86)\Microsoft SQL Server\140\Tools\Binn\;C:\Program Files (x86)\Microsoft SQL Server\140\DTS\Binn\;C:\Program Files (x86)\Microsoft SQL Server\140\Tools\Binn\ManagementStudio\;C:\Program Files\Microsoft SQL Server\Client SDK\ODBC\130\Tools\Binn\;C:\Program Files\Microsoft SQL Server\140\Tools\Binn\;C:\Program Files\Microsoft SQL Server\140\DTS\Binn\;C:\WINDOWS\System32\OpenSSH\;E:\Work\MATLAB\R2018b\bin;C:\Program Files\NVIDIA Corporation\NVIDIA NvDLISR;E:\Work\Git\cmd;E:\Work\MiKTeX 2.9\miktex\bin\x64\;C:\Users\fritz\AppData\Local\Microsoft\WindowsApps;E:\Work\Microsoft VS Code\bin
USERNAME=fritz
OS=Windows_NT
PROCESSOR_IDENTIFIER=Intel64 Family 6 Model 61 Stepping 4, GenuineIntel



---------------  S Y S T E M  ---------------

OS: Windows 10.0 , 64 bit Build 17134 (10.0.17134.1)

CPU:total 4 (initial active 4) (2 cores per cpu, 2 threads per core) family 6 model 61 stepping 4, cmov, cx8, fxsr, mmx, sse, sse2, sse3, ssse3, sse4.1, sse4.2, popcnt, avx, avx2, aes, clmul, erms, 3dnowpref, lzcnt, ht, tsc, tscinvbit, bmi1, bmi2, adx

Memory: 4k page, physical 4091312k(298232k free), swap 7880112k(5608k free)

vm_info: OpenJDK 64-Bit Server VM (25.202-b03) for windows-amd64 JRE (1.8.0_202-release-1483-b03), built by "builder" with MS VC++ 10.0 (VS2010)

time: Wed Nov 20 22:33:27 2019
timezone: SE Asia Standard Time
elapsed time: 676 seconds (0d 0h 11m 16s)

